<?xml version="1.0" encoding="UTF-8"?>
<testsuite name="CategoriesTest" tests="5" skipped="0" failures="0" errors="0" timestamp="2015-08-25T22:41:15" hostname="epicodus-110.local" time="0.06">
  <properties/>
  <testcase name="equals_returnsTrueIfDescriptionsAretheSame" classname="CategoriesTest" time="0.008"/>
  <testcase name="equals_returnsSavedCategory" classname="CategoriesTest" time="0.015"/>
  <testcase name="all_emptyAtFirst" classname="CategoriesTest" time="0.007"/>
  <testcase name="find_findsCategoriesInDatabase_true" classname="CategoriesTest" time="0.013"/>
  <testcase name="save_assignsIdToCategory" classname="CategoriesTest" time="0.014"/>
  <system-out><![CDATA[]]></system-out>
  <system-err><![CDATA[]]></system-err>
</testsuite>
