<?xml version="1.0" encoding="UTF-8"?>
<testsuite name="AppTest" tests="4" skipped="0" failures="0" errors="0" timestamp="2015-08-25T22:41:14" hostname="epicodus-110.local" time="0.497">
  <properties/>
  <testcase name="addTask" classname="AppTest" time="0.402"/>
  <testcase name="goToACategory" classname="AppTest" time="0.024"/>
  <testcase name="addCategory" classname="AppTest" time="0.042"/>
  <testcase name="rootTest" classname="AppTest" time="0.017"/>
  <system-out><![CDATA[]]></system-out>
  <system-err><![CDATA[[Thread-4] INFO spark.webserver.SparkServer - == Spark has ignited ...
[Thread-4] INFO spark.webserver.SparkServer - >> Listening on 0.0.0.0:4567
[Thread-4] INFO org.eclipse.jetty.server.Server - jetty-9.0.2.v20130417
[Thread-4] INFO org.eclipse.jetty.server.ServerConnector - Started ServerConnector@130ca536{HTTP/1.1}{0.0.0.0:4567}
[Test worker] INFO spark.webserver.SparkServer - >>> Spark shutting down ...
[Test worker] INFO org.eclipse.jetty.server.Server - Graceful shutdown org.eclipse.jetty.server.Server@512be961 by 
[Test worker] INFO org.eclipse.jetty.server.ServerConnector - Stopped ServerConnector@130ca536{HTTP/1.1}{0.0.0.0:4567}
[Test worker] INFO spark.webserver.SparkServer - done
]]></system-err>
</testsuite>
